<?xml version="1.0" encoding="utf-8" standalone="no"?>
<test-run id="2" testcasecount="0" result="Failed" label="Invalid" total="0" passed="0" failed="0" inconclusive="0" skipped="0" asserts="0" engine-version="3.6.1.0" clr-version="4.0.30319.42000" start-time="2017-04-10 12:50:14Z" end-time="2017-04-10 12:50:15Z" duration="0.238338">
  <command-line><![CDATA[nunit3-console.exe  "C:\Users\catalinmirghis\Desktop\VisualSeleniumProject - skeleton\VisualSeleniumProject\bin\Debug\VisualSeleniumProject.dll" ]]></command-line>
  <test-suite type="Assembly" id="0-1" name="VisualSeleniumProject.dll" fullname="C:\Users\catalinmirghis\Desktop\VisualSeleniumProject - skeleton\VisualSeleniumProject\bin\Debug\VisualSeleniumProject.dll" testcasecount="0" runstate="NotRunnable" result="Failed" label="Invalid">
    <properties>
      <property name="_SKIPREASON" value="No suitable tests found in 'C:\Users\catalinmirghis\Desktop\VisualSeleniumProject - skeleton\VisualSeleniumProject\bin\Debug\VisualSeleniumProject.dll'.&#xA;Either assembly contains no tests or proper test driver has not been found." />
    </properties>
    <reason>
      <message>No suitable tests found in 'C:\Users\catalinmirghis\Desktop\VisualSeleniumProject - skeleton\VisualSeleniumProject\bin\Debug\VisualSeleniumProject.dll'.
Either assembly contains no tests or proper test driver has not been found.</message>
    </reason>
  </test-suite>
</test-run>